c:\users\kdyso\onedrive\documents\college\semester 4\comp systems\programs\p6_2\windows32\debug\vc141.pdb
c:\users\kdyso\onedrive\documents\college\semester 4\comp systems\programs\p6_2\windows32\debug\vc141.idb
c:\users\kdyso\onedrive\documents\college\semester 4\comp systems\programs\p6_2\windows32\debug\framework.obj
c:\users\kdyso\onedrive\documents\college\semester 4\comp systems\programs\p6_2\windows32\debug\framework.cod
c:\users\kdyso\onedrive\documents\college\semester 4\comp systems\programs\p6_2\windows32\debug\p6_2_dyson.obj
c:\users\kdyso\onedrive\documents\college\semester 4\comp systems\programs\p6_2\windows32\debug\io.obj
c:\users\kdyso\onedrive\documents\college\semester 4\comp systems\programs\p6_2\windows32\debug\framework.res
c:\users\kdyso\onedrive\documents\college\semester 4\comp systems\programs\p6_2\debug\windows32.pdb
c:\users\kdyso\onedrive\documents\college\semester 4\comp systems\programs\p6_2\debug\windows32.exe
c:\users\kdyso\onedrive\documents\college\semester 4\comp systems\programs\p6_2\debug\windows32.ilk
c:\users\kdyso\onedrive\documents\college\semester 4\comp systems\programs\p6_2\windows32\debug\windows32.tlog\cl.command.1.tlog
c:\users\kdyso\onedrive\documents\college\semester 4\comp systems\programs\p6_2\windows32\debug\windows32.tlog\cl.read.1.tlog
c:\users\kdyso\onedrive\documents\college\semester 4\comp systems\programs\p6_2\windows32\debug\windows32.tlog\cl.write.1.tlog
c:\users\kdyso\onedrive\documents\college\semester 4\comp systems\programs\p6_2\windows32\debug\windows32.tlog\link.command.1.tlog
c:\users\kdyso\onedrive\documents\college\semester 4\comp systems\programs\p6_2\windows32\debug\windows32.tlog\link.read.1.tlog
c:\users\kdyso\onedrive\documents\college\semester 4\comp systems\programs\p6_2\windows32\debug\windows32.tlog\link.write.1.tlog
c:\users\kdyso\onedrive\documents\college\semester 4\comp systems\programs\p6_2\windows32\debug\windows32.tlog\masm.read.1u.tlog
c:\users\kdyso\onedrive\documents\college\semester 4\comp systems\programs\p6_2\windows32\debug\windows32.tlog\masm.write.1u.tlog
c:\users\kdyso\onedrive\documents\college\semester 4\comp systems\programs\p6_2\windows32\debug\windows32.tlog\rc.command.1.tlog
c:\users\kdyso\onedrive\documents\college\semester 4\comp systems\programs\p6_2\windows32\debug\windows32.tlog\rc.read.1.tlog
c:\users\kdyso\onedrive\documents\college\semester 4\comp systems\programs\p6_2\windows32\debug\windows32.tlog\rc.write.1.tlog
